Weights & Biases initialized: project=GRPO-Qwen-PubMedQA-Manual, run=multi-agent-grpo-run

Evaluating model before fine-tuning...

Chained multi-agent evaluation:

==================================================
STARTING CHAINED SUPERVISOR EVALUATION ON 2 EXAMPLES
Max steps per example: 3
==================================================

--- Processing Example ---

[STEP 1/3]
[DEBUG] Supervisor response: Agent: context_analysis
Then explain why. The context analysis method involves examining the data collected from various sources to identify patterns, trends, and relationships
[DEBUG] Parsed agent choice: context_analysis
[DEBUG] Calling sub-agent: context_analysis

[DEBUG] Running sub-agent: context_analysis
[DEBUG] Example keys: ['problem', 'context', 'prompt', 'answer']
[DEBUG] Generated prompt length: 1824
[DEBUG] Calling Ollama with model: qwen2.5:0.5b-instruct
[DEBUG] Ollama response length: 1158
[DEBUG] Ollama response:  <problem>Does a physician's specialty influence the recording of medication history in patients' case notes?</problem>
<analysis>Analysis of the context and key facts</analysis>

<analysis>
The study examined whether a physician's specialty affects the documentation of medication history in patient medical records. Key findings include:

1. **Significant Influence**: Both the depth and frequency of medication history documentation varied significantly between different specialties (P<0.0001).
2. **Depth of Documentation**:
   - Cardiology had the highest mean scores for adverse drug reactions and adherence to medicines.
   - Chest specialty had the highest mean scores for allergies.
   - Gastroenterology, Psychiatry, and Endocrine specialties had the highest mean scores for alcohol, illicit drugs, and dietary restrictions, respectively.
3. **Frequency of Documentation**: The frequency also varied significantly between specialties (P<0.0001), though specific details are not provided.

This analysis indicates that indeed, a physician’s specialty has a notable impact on how medication histories are recorded in patient case notes.
</analysis>
[DEBUG] Non-answering agent, no answer extraction
[DEBUG] Sub-agent response:  <problem>Does a physician's specialty influence the recording of medication history in patients' case notes?</problem>
<analysis>Analysis of the context and key facts</analysis>

<analysis>
The study examined whether a physician's specialty affects the documentation of medication history in patient medical records. Key findings include:

1. **Significant Influence**: Both the depth and frequency of medication history documentation varied significantly between different specialties (P<0.0001).
2. **Depth of Documentation**:
   - Cardiology had the highest mean scores for adverse drug reactions and adherence to medicines.
   - Chest specialty had the highest mean scores for allergies.
   - Gastroenterology, Psychiatry, and Endocrine specialties had the highest mean scores for alcohol, illicit drugs, and dietary restrictions, respectively.
3. **Frequency of Documentation**: The frequency also varied significantly between specialties (P<0.0001), though specific details are not provided.

This analysis indicates that indeed, a physician’s specialty has a notable impact on how medication histories are recorded in patient case notes.
</analysis>...
[DEBUG] Extracted answer: None

[STEP 2/3]
[DEBUG] Supervisor response:  Stick to the specified format. To determine the impact of a physician's specialty on the recording of medication history in patients' case notes, we need to analyze the data collected from various sources. Specifically, we should examine the depth and frequency of medication history documentation across different specialties. This analysis reveals that both the depth and frequency
[DEBUG] Parsed agent choice: None
[WARNING] Invalid agent 'None', skipping

[STEP 3/3]
[DEBUG] Supervisor response: Agent: context_analysis
Explanation: Analysis of the context and key facts reveals significant differences in the depth and frequency of medication history documentation among different specialties. This suggests that a physician's specialty does have an impact
[DEBUG] Parsed agent choice: context_analysis
[DEBUG] Max steps reached, forcing answering agent
[DEBUG] Calling sub-agent: answering

[DEBUG] Running sub-agent: answering
[DEBUG] Example keys: ['problem', 'context', 'prompt', 'answer']
[DEBUG] Generated prompt length: 1783
[DEBUG] Calling Ollama with model: qwen2.5:0.5b-instruct
[DEBUG] Ollama response length: 537
[DEBUG] Ollama response:  Answer: yes
Answer: yes

The analysis clearly shows that there is a significant influence of a physician's specialty on the recording of medication history in patients' case notes. This aligns with the question posed and provides specific evidence to support this conclusion. Answer: yes/maybe Answer: yes Answer: yes Based on the provided context analysis, there is clear evidence indicating that a physician's specialty does influence the recording of medication history in patients' case notes. Therefore, the answer is: Answer: yes.
[DEBUG] Extracted answer: yes
[DEBUG] Sub-agent response:  Answer: yes
Answer: yes

The analysis clearly shows that there is a significant influence of a physician's specialty on the recording of medication history in patients' case notes. This aligns with the question posed and provides specific evidence to support this conclusion. Answer: yes/maybe Answer: yes Answer: yes Based on the provided context analysis, there is clear evidence indicating that a physician's specialty does influence the recording of medication history in patients' case notes. Therefore, the answer is: Answer: yes....
[DEBUG] Extracted answer: yes
[DEBUG] Answering agent called, final answer: yes

--- Final Result ---
Expected: yes | Final Pred: yes | Correct: ✓
Conversation history: 4 steps
  1. supervisor: Chose context_analysis (context_analysis
Then expl...
  2. context_analysis:  <problem>Does a physician's specialty influence t...
  3. supervisor: Chose answering (context_analysis
Explanation: Ana...
  4. answering:  Answer: yes
Answer: yes

The analysis clearly sho...
--------------------------------------------------

--- Processing Example ---

[STEP 1/3]
[DEBUG] Supervisor response: Agent: context_analysis

[DEBUG] Parsed agent choice: context_analysis
[DEBUG] Calling sub-agent: context_analysis

[DEBUG] Running sub-agent: context_analysis
[DEBUG] Example keys: ['problem', 'context', 'prompt', 'answer']
[DEBUG] Generated prompt length: 2057
[DEBUG] Calling Ollama with model: qwen2.5:0.5b-instruct
[DEBUG] Ollama response length: 1106
[DEBUG] Ollama response:  Do not deviate from the provided format. <analysis>Analysis of the context and key facts:
- The study investigates the potential connection between sublingual varices and the presence of hypertension.
- The study includes 431 dental patients, documenting their tongue status and blood pressure.
- Blood pressure was measured using digital photographs and home blood pressure monitoring for those with suspected hypertension.
- Two independent blinded observers graded the photographs, classifying them into two categories: none/few (grade 0) or medium/severe (grade 1) sublingual varices.
- Statistical methods used include Pearson's Chi-square test, Student's t-test, and multiple regression analysis.
- A significant association was found between sublingual varices and hypertension (OR = 2.25, p<0.002).
- Patients with grade 1 sublingual varices had higher mean systolic (132 mmHg) and diastolic (83 mmHg) blood pressures compared to those with grade 0 sublingual varices (123 mmHg and 80 mmHg, respectively; p-values for both systolic and diastolic are provided).
- Sublingual varices show a positive
[DEBUG] Non-answering agent, no answer extraction
[DEBUG] Sub-agent response:  Do not deviate from the provided format. <analysis>Analysis of the context and key facts:
- The study investigates the potential connection between sublingual varices and the presence of hypertension.
- The study includes 431 dental patients, documenting their tongue status and blood pressure.
- Blood pressure was measured using digital photographs and home blood pressure monitoring for those with suspected hypertension.
- Two independent blinded observers graded the photographs, classifying them into two categories: none/few (grade 0) or medium/severe (grade 1) sublingual varices.
- Statistical methods used include Pearson's Chi-square test, Student's t-test, and multiple regression analysis.
- A significant association was found between sublingual varices and hypertension (OR = 2.25, p<0.002).
- Patients with grade 1 sublingual varices had higher mean systolic (132 mmHg) and diastolic (83 mmHg) blood pressures compared to those with grade 0 sublingual varices (123 mmHg and 80 mmHg, respectively; p-values for both systolic and diastolic are provided).
- Sublingual varices show a positive...
[DEBUG] Extracted answer: None

[STEP 2/3]
[DEBUG] Supervisor response: Agent: Context: Machine Learning
Explanation: Functions are named based on the input parameters they accept, while methods are named based on the
[DEBUG] Parsed agent choice: None
[WARNING] Invalid agent 'None', skipping

[STEP 3/3]
[DEBUG] Supervisor response: Agent: question_understanding
Then explain why.

REMEMBER: Only output the agent name and one brief explanation sentence. Do not add reasoning sections, answers
[DEBUG] Parsed agent choice: question_understanding
[DEBUG] Max steps reached, forcing answering agent
[DEBUG] Calling sub-agent: answering

[DEBUG] Running sub-agent: answering
[DEBUG] Example keys: ['problem', 'context', 'prompt', 'answer']
[DEBUG] Generated prompt length: 1578
[DEBUG] Calling Ollama with model: qwen2.5:0.5b-instruct
[DEBUG] Ollama response length: 1326
[DEBUG] Ollama response:  Do not change the order of elements. Do not add extra text. Use CDATA for any text content. Use double quotes for attributes. Wrap elements in opening and closing tags. Do not include any comments.

<response>
CDATA[The study provides evidence of a significant association between sublingual varices and the presence of hypertension. It includes a detailed analysis of 431 dental patients, utilizing both digital photographs and home blood pressure monitoring. Two independent observers graded the photographs into two categories based on the severity of sublingual varices, which were then analyzed statistically. The findings suggest that patients with grade 1 sublingual varices have higher mean systolic and diastolic blood pressures compared to those with grade 0 varices.]
</response>
Answer: yes
<response>
CDATA[The study provides evidence of a significant association between sublingual varices and the presence of hypertension. It includes a detailed analysis of 431 dental patients, utilizing both digital photographs and home blood pressure monitoring. Two independent observers graded the photographs into two categories based on the severity of sublingual varices, which were then analyzed statistically. The findings suggest that patients with grade 1 sublingual varices have higher mean systolic and diastolic
[DEBUG] Extracted answer: yes
[DEBUG] Sub-agent response:  Do not change the order of elements. Do not add extra text. Use CDATA for any text content. Use double quotes for attributes. Wrap elements in opening and closing tags. Do not include any comments.

<response>
CDATA[The study provides evidence of a significant association between sublingual varices and the presence of hypertension. It includes a detailed analysis of 431 dental patients, utilizing both digital photographs and home blood pressure monitoring. Two independent observers graded the photographs into two categories based on the severity of sublingual varices, which were then analyzed statistically. The findings suggest that patients with grade 1 sublingual varices have higher mean systolic and diastolic blood pressures compared to those with grade 0 varices.]
</response>
Answer: yes
<response>
CDATA[The study provides evidence of a significant association between sublingual varices and the presence of hypertension. It includes a detailed analysis of 431 dental patients, utilizing both digital photographs and home blood pressure monitoring. Two independent observers graded the photographs into two categories based on the severity of sublingual varices, which were then analyzed statistically. The findings suggest that patients with grade 1 sublingual varices have higher mean systolic and diastolic...
[DEBUG] Extracted answer: yes
[DEBUG] Answering agent called, final answer: yes

--- Final Result ---
Expected: yes | Final Pred: yes | Correct: ✓
Conversation history: 4 steps
  1. supervisor: Chose context_analysis (context_analysis)...
  2. context_analysis:  Do not deviate from the provided format. <analysi...
  3. supervisor: Chose answering (question_understanding
Then expla...
  4. answering:  Do not change the order of elements. Do not add e...
--------------------------------------------------

Chained Evaluation Complete. Accuracy: 100.00% (2/2)
==================================================

Starting GRPO fine-tuning...
Using device: cuda:0
LoRA applied to q/k/v projections.
C:\Users\madis\Desktop\supervisor_remote\supervisor_steps\funtions.py:841: FutureWarning: `torch.cuda.amp.GradScaler(args...)` is deprecated. Please use `torch.amp.GradScaler('cuda', args...)` instead.
  scaler = GradScaler()

--- Starting GRPO Iteration 1/1 ---
Reference model created.
[DEBUG] Generating chained rollout for sample 0, generation 0
Traceback (most recent call last):
  File "C:\Users\madis\anaconda3\envs\openthought\lib\site-packages\transformers\tokenization_utils_base.py", line 283, in __getattr__
    return self.data[item]
KeyError: 'shape'

During handling of the above exception, another exception occurred:

Traceback (most recent call last):
  File "C:\Users\madis\Desktop\supervisor_remote\supervisor_steps\main.py", line 129, in <module>
    main()
  File "C:\Users\madis\Desktop\supervisor_remote\supervisor_steps\main.py", line 97, in main
    trained_model = train_with_grpo(
  File "C:\Users\madis\Desktop\supervisor_remote\supervisor_steps\funtions.py", line 864, in train_with_grpo
    rollout_data = generate_chained_rollout_data(
  File "C:\Users\madis\Desktop\supervisor_remote\supervisor_steps\funtions.py", line 607, in generate_chained_rollout_data
    outputs = model.generate(
  File "C:\Users\madis\anaconda3\envs\openthought\lib\site-packages\peft\peft_model.py", line 1973, in generate
    outputs = self.base_model.generate(*args, **kwargs)
  File "C:\Users\madis\anaconda3\envs\openthought\lib\site-packages\torch\utils\_contextlib.py", line 116, in decorate_context
    return func(*args, **kwargs)
  File "C:\Users\madis\anaconda3\envs\openthought\lib\site-packages\transformers\generation\utils.py", line 2391, in generate
    batch_size = inputs_tensor.shape[0]
  File "C:\Users\madis\anaconda3\envs\openthought\lib\site-packages\transformers\tokenization_utils_base.py", line 285, in __getattr__
    raise AttributeError
AttributeError
Traceback (most recent call last):
  File "C:\Users\madis\anaconda3\envs\openthought\lib\site-packages\transformers\tokenization_utils_base.py", line 283, in __getattr__
    return self.data[item]
KeyError: 'shape'

During handling of the above exception, another exception occurred:

Traceback (most recent call last):
  File "C:\Users\madis\Desktop\supervisor_remote\supervisor_steps\main.py", line 129, in <module>
    main()
  File "C:\Users\madis\Desktop\supervisor_remote\supervisor_steps\main.py", line 97, in main
    trained_model = train_with_grpo(
  File "C:\Users\madis\Desktop\supervisor_remote\supervisor_steps\funtions.py", line 864, in train_with_grpo
    rollout_data = generate_chained_rollout_data(
  File "C:\Users\madis\Desktop\supervisor_remote\supervisor_steps\funtions.py", line 607, in generate_chained_rollout_data
    outputs = model.generate(
  File "C:\Users\madis\anaconda3\envs\openthought\lib\site-packages\peft\peft_model.py", line 1973, in generate
    outputs = self.base_model.generate(*args, **kwargs)
  File "C:\Users\madis\anaconda3\envs\openthought\lib\site-packages\torch\utils\_contextlib.py", line 116, in decorate_context
    return func(*args, **kwargs)
  File "C:\Users\madis\anaconda3\envs\openthought\lib\site-packages\transformers\generation\utils.py", line 2391, in generate
    batch_size = inputs_tensor.shape[0]
  File "C:\Users\madis\anaconda3\envs\openthought\lib\site-packages\transformers\tokenization_utils_base.py", line 285, in __getattr__
    raise AttributeError
AttributeError
